<?xml version="1.0" encoding="UTF-8"?>
<!-- Generated by org.testng.reporters.JUnitReportReporter -->
<testsuite hostname="DESKTOP-JOQGUVP" failures="0" tests="1" name="com.tests.LoginTest" time="6.108" errors="0" timestamp="24 Sep 2021 13:33:38 GMT" skipped="0">
  <testcase classname="com.tests.LoginTest" name="freeCrmTitleTest" time="6.108"/>
</testsuite> <!-- com.tests.LoginTest -->
